<?xml version="1.0" encoding="UTF-8"?>
<testng-results skipped="0" failed="0" ignored="0" total="3" passed="3">
  <reporter-output>
  </reporter-output>
  <suite name="Default suite" duration-ms="73222" started-at="2018-09-21T11:43:13Z" finished-at="2018-09-21T11:44:26Z">
    <groups>
    </groups>
    <test name="Default test" duration-ms="73222" started-at="2018-09-21T11:43:13Z" finished-at="2018-09-21T11:44:26Z">
      <class name="PhpTravel.LandingPageTest">
        <test-method status="PASS" signature="setup()[pri:0, instance:PhpTravel.LandingPageTest@42dafa95]" name="setup" is-config="true" duration-ms="26830" started-at="2018-09-21T11:43:13Z" finished-at="2018-09-21T11:43:40Z">
          <reporter-output>
          </reporter-output>
        </test-method> <!-- setup -->
        <test-method status="PASS" signature="verifyScreenTitle2()[pri:0, instance:PhpTravel.LandingPageTest@42dafa95]" name="verifyScreenTitle2" duration-ms="6" started-at="2018-09-21T11:43:40Z" finished-at="2018-09-21T11:43:40Z">
          <reporter-output>
          </reporter-output>
        </test-method> <!-- verifyScreenTitle2 -->
        <test-method status="PASS" signature="teardown()[pri:0, instance:PhpTravel.LandingPageTest@42dafa95]" name="teardown" is-config="true" duration-ms="4743" started-at="2018-09-21T11:43:40Z" finished-at="2018-09-21T11:43:44Z">
          <reporter-output>
          </reporter-output>
        </test-method> <!-- teardown -->
        <test-method status="PASS" signature="setup()[pri:0, instance:PhpTravel.LandingPageTest@42dafa95]" name="setup" is-config="true" duration-ms="21046" started-at="2018-09-21T11:43:44Z" finished-at="2018-09-21T11:44:05Z">
          <reporter-output>
          </reporter-output>
        </test-method> <!-- setup -->
        <test-method status="PASS" signature="verifyScreenTitle1()[pri:1, instance:PhpTravel.LandingPageTest@42dafa95]" name="verifyScreenTitle1" duration-ms="1" started-at="2018-09-21T11:44:05Z" finished-at="2018-09-21T11:44:05Z">
          <reporter-output>
          </reporter-output>
        </test-method> <!-- verifyScreenTitle1 -->
        <test-method status="PASS" signature="teardown()[pri:0, instance:PhpTravel.LandingPageTest@42dafa95]" name="teardown" is-config="true" duration-ms="0" started-at="2018-09-21T11:44:05Z" finished-at="2018-09-21T11:44:05Z">
          <reporter-output>
          </reporter-output>
        </test-method> <!-- teardown -->
        <test-method status="PASS" signature="setup()[pri:0, instance:PhpTravel.LandingPageTest@42dafa95]" name="setup" is-config="true" duration-ms="20574" started-at="2018-09-21T11:44:05Z" finished-at="2018-09-21T11:44:26Z">
          <reporter-output>
          </reporter-output>
        </test-method> <!-- setup -->
        <test-method status="PASS" signature="verifyScreenTitle3()[pri:2, instance:PhpTravel.LandingPageTest@42dafa95]" name="verifyScreenTitle3" duration-ms="1" started-at="2018-09-21T11:44:26Z" finished-at="2018-09-21T11:44:26Z">
          <reporter-output>
          </reporter-output>
        </test-method> <!-- verifyScreenTitle3 -->
        <test-method status="PASS" signature="teardown()[pri:0, instance:PhpTravel.LandingPageTest@42dafa95]" name="teardown" is-config="true" duration-ms="0" started-at="2018-09-21T11:44:26Z" finished-at="2018-09-21T11:44:26Z">
          <reporter-output>
          </reporter-output>
        </test-method> <!-- teardown -->
      </class> <!-- PhpTravel.LandingPageTest -->
    </test> <!-- Default test -->
  </suite> <!-- Default suite -->
</testng-results>
