<?xml version="1.0" encoding="UTF-8"?>
<!-- Generated by org.testng.reporters.JUnitXMLReporter -->
<testsuite hostname="4PBP1N2" ignored="0" name="Default test" tests="3" failures="0" timestamp="21 Sep 2018 11:44:26 GMT" time="73.222" errors="0">
  <testcase name="verifyScreenTitle2" time="0.006" classname="PhpTravel.LandingPageTest"/>
  <testcase name="verifyScreenTitle1" time="0.001" classname="PhpTravel.LandingPageTest"/>
  <testcase name="verifyScreenTitle3" time="0.001" classname="PhpTravel.LandingPageTest"/>
</testsuite> <!-- Default test -->
